# JRE version: OpenJDK Runtime Environment Temurin-17.0.10+7 (17.0.10+7) (build 17.0.10+7)
# Java VM: OpenJDK 64-Bit Server VM Temurin-17.0.10+7 (17.0.10+7, mixed mode, sharing, tiered, compressed oops, compressed class ptrs, g1 gc, windows-amd64)
GC Precious Log:
 CPUs: 4 total, 4 available
 Memory: 16312M
 Large Page Support: Disabled
 NUMA Support: Disabled
 Compressed Oops: Enabled (Zero based)
 Heap Region Size: 2M
 Heap Min Capacity: 8M
 Heap Initial Capacity: 256M
 Heap Max Capacity: 4080M
 Pre-touch: Disabled
 Parallel Workers: 4
 Concurrent Workers: 1
 Concurrent Refinement Workers: 4
 Periodic GC: Disabled
Heap:
 garbage-first heap   total 964608K, used 764290K [0x0000000701000000, 0x0000000800000000)
  region size 2048K, 5 young (10240K), 5 survivors (10240K)
 Metaspace       used 108431K, committed 110144K, reserved 1179648K
  class space    used 15805K, committed 16576K, reserved 1048576K
GC Heap History (20 events):
Event: 26.561 GC heap after
{Heap after GC invocations=30 (full 0):
 garbage-first heap   total 610304K, used 271177K [0x0000000701000000, 0x0000000800000000)
  region size 2048K, 16 young (32768K), 16 survivors (32768K)
 Metaspace       used 93682K, committed 95232K, reserved 1179648K
  class space    used 13562K, committed 14272K, reserved 1048576K
}
Event: 27.825 GC heap before
{Heap before GC invocations=30 (full 0):
 garbage-first heap   total 610304K, used 482121K [0x0000000701000000, 0x0000000800000000)
  region size 2048K, 114 young (233472K), 16 survivors (32768K)
 Metaspace       used 95533K, committed 97088K, reserved 1179648K
  class space    used 13820K, committed 14528K, reserved 1048576K
}
Event: 27.884 GC heap after
{Heap after GC invocations=31 (full 0):
 garbage-first heap   total 610304K, used 286499K [0x0000000701000000, 0x0000000800000000)
  region size 2048K, 8 young (16384K), 8 survivors (16384K)
 Metaspace       used 95533K, committed 97088K, reserved 1179648K
  class space    used 13820K, committed 14528K, reserved 1048576K
}
Event: 32.658 GC heap before
{Heap before GC invocations=31 (full 0):
 garbage-first heap   total 610304K, used 481059K [0x0000000701000000, 0x0000000800000000)
  region size 2048K, 103 young (210944K), 8 survivors (16384K)
 Metaspace       used 98554K, committed 100096K, reserved 1179648K
  class space    used 14277K, committed 14976K, reserved 1048576K
}
Event: 32.680 GC heap after
{Heap after GC invocations=32 (full 0):
 garbage-first heap   total 610304K, used 298370K [0x0000000701000000, 0x0000000800000000)
  region size 2048K, 13 young (26624K), 13 survivors (26624K)
 Metaspace       used 98554K, committed 100096K, reserved 1179648K
  class space    used 14277K, committed 14976K, reserved 1048576K
}
Event: 33.500 GC heap before
{Heap before GC invocations=32 (full 0):
 garbage-first heap   total 610304K, used 488834K [0x0000000701000000, 0x0000000800000000)
  region size 2048K, 106 young (217088K), 13 survivors (26624K)
 Metaspace       used 99479K, committed 101120K, reserved 1179648K
  class space    used 14428K, committed 15168K, reserved 1048576K
}
Event: 33.522 GC heap after
{Heap after GC invocations=33 (full 0):
 garbage-first heap   total 610304K, used 297958K [0x0000000701000000, 0x0000000800000000)
  region size 2048K, 9 young (18432K), 9 survivors (18432K)
 Metaspace       used 99479K, committed 101120K, reserved 1179648K
  class space    used 14428K, committed 15168K, reserved 1048576K
}
Event: 34.113 GC heap before
{Heap before GC invocations=33 (full 0):
 garbage-first heap   total 610304K, used 492518K [0x0000000701000000, 0x0000000800000000)
  region size 2048K, 105 young (215040K), 9 survivors (18432K)
 Metaspace       used 103118K, committed 104704K, reserved 1179648K
  class space    used 15094K, committed 15808K, reserved 1048576K
}
Event: 34.143 GC heap after
{Heap after GC invocations=34 (full 0):
 garbage-first heap   total 874496K, used 308610K [0x0000000701000000, 0x0000000800000000)
  region size 2048K, 9 young (18432K), 9 survivors (18432K)
 Metaspace       used 103118K, committed 104704K, reserved 1179648K
  class space    used 15094K, committed 15808K, reserved 1048576K
}
Event: 35.634 GC heap before
{Heap before GC invocations=35 (full 0):
 garbage-first heap   total 874496K, used 705922K [0x0000000701000000, 0x0000000800000000)
  region size 2048K, 203 young (415744K), 9 survivors (18432K)
 Metaspace       used 105369K, committed 107008K, reserved 1179648K
  class space    used 15429K, committed 16192K, reserved 1048576K
}
Event: 35.660 GC heap after
{Heap after GC invocations=36 (full 0):
 garbage-first heap   total 874496K, used 310296K [0x0000000701000000, 0x0000000800000000)
  region size 2048K, 10 young (20480K), 10 survivors (20480K)
 Metaspace       used 105369K, committed 107008K, reserved 1179648K
  class space    used 15429K, committed 16192K, reserved 1048576K
}
Event: 36.003 GC heap before
{Heap before GC invocations=36 (full 0):
 garbage-first heap   total 874496K, used 330776K [0x0000000701000000, 0x0000000800000000)
  region size 2048K, 21 young (43008K), 10 survivors (20480K)
 Metaspace       used 106788K, committed 108480K, reserved 1179648K
  class space    used 15592K, committed 16384K, reserved 1048576K
}
Event: 36.019 GC heap after
{Heap after GC invocations=37 (full 0):
 garbage-first heap   total 874496K, used 310220K [0x0000000701000000, 0x0000000800000000)
  region size 2048K, 2 young (4096K), 2 survivors (4096K)
 Metaspace       used 106788K, committed 108480K, reserved 1179648K
  class space    used 15592K, committed 16384K, reserved 1048576K
}
Event: 38.333 GC heap before
{Heap before GC invocations=37 (full 0):
 garbage-first heap   total 874496K, used 728012K [0x0000000701000000, 0x0000000800000000)
  region size 2048K, 206 young (421888K), 2 survivors (4096K)
 Metaspace       used 108106K, committed 109760K, reserved 1179648K
  class space    used 15764K, committed 16512K, reserved 1048576K
}
Event: 38.502 GC heap after
{Heap after GC invocations=38 (full 0):
 garbage-first heap   total 964608K, used 542082K [0x0000000701000000, 0x0000000800000000)
  region size 2048K, 26 young (53248K), 26 survivors (53248K)
 Metaspace       used 108106K, committed 109760K, reserved 1179648K
  class space    used 15764K, committed 16512K, reserved 1048576K
}
Event: 38.602 GC heap before
{Heap before GC invocations=38 (full 0):
 garbage-first heap   total 964608K, used 716162K [0x0000000701000000, 0x0000000800000000)
  region size 2048K, 111 young (227328K), 26 survivors (53248K)
 Metaspace       used 108118K, committed 109824K, reserved 1179648K
  class space    used 15764K, committed 16512K, reserved 1048576K
}
Event: 38.747 GC heap after
{Heap after GC invocations=39 (full 0):
 garbage-first heap   total 964608K, used 655746K [0x0000000701000000, 0x0000000800000000)
  region size 2048K, 14 young (28672K), 14 survivors (28672K)
 Metaspace       used 108118K, committed 109824K, reserved 1179648K
  class space    used 15764K, committed 16512K, reserved 1048576K
}
Event: 38.841 GC heap before
{Heap before GC invocations=39 (full 0):
 garbage-first heap   total 964608K, used 752002K [0x0000000701000000, 0x0000000800000000)
  region size 2048K, 61 young (124928K), 14 survivors (28672K)
 Metaspace       used 108122K, committed 109824K, reserved 1179648K
  class space    used 15764K, committed 16512K, reserved 1048576K
}
Event: 38.911 GC heap after
{Heap after GC invocations=40 (full 0):
 garbage-first heap   total 964608K, used 720258K [0x0000000701000000, 0x0000000800000000)
  region size 2048K, 8 young (16384K), 8 survivors (16384K)
 Metaspace       used 108122K, committed 109824K, reserved 1179648K
  class space    used 15764K, committed 16512K, reserved 1048576K
}
Event: 39.035 GC heap before
{Heap before GC invocations=40 (full 0):
 garbage-first heap   total 964608K, used 781698K [0x0000000701000000, 0x0000000800000000)
  region size 2048K, 38 young (77824K), 8 survivors (16384K)
 Metaspace       used 108431K, committed 110144K, reserved 1179648K
  class space    used 15805K, committed 16576K, reserved 1048576K
}

